La génération a démarré 15.11.2012 09:38:45.
     1>Projet "C:\Users\Aelos\Documents\Visual Studio 2010\Projects\03_Exc_OpenGL_Framework\03_Exc_OpenGL_Framework\visualstudio\01-CubeViewer\01-CubeViewer.vcxproj" sur le nœud 2 (build cible(s)).
     1>InitializeBuildStatus:
         Création de "Debug\01-CubeViewer.unsuccessfulbuild", car "AlwaysCreate" a été spécifié.
       ClCompile:
         Toutes les sorties sont à jour.
       ManifestResourceCompile:
         C:\Program Files (x86)\Microsoft SDKs\Windows\v7.0A\bin\rc.exe /nologo /fo"Debug\01-CubeViewer.exe.embed.manifest.res" Debug\01-CubeViewer_manifest.rc 
       Link:
         c:\Program Files (x86)\Microsoft Visual Studio 10.0\VC\bin\link.exe /ERRORREPORT:PROMPT /OUT:"C:\Users\Aelos\Documents\Visual Studio 2010\Projects\03_Exc_OpenGL_Framework\03_Exc_OpenGL_Framework\visualstudio\01-CubeViewer\Debug\01-CubeViewer.exe" /INCREMENTAL /NOLOGO /LIBPATH:"C:\Users\Aelos\Documents\Visual Studio 2010\Projects\03_Exc_OpenGL_Framework\03_Exc_OpenGL_Framework\visualstudio\01-CubeViewer\\..\libs" glut32.lib glew32.lib kernel32.lib user32.lib gdi32.lib winspool.lib comdlg32.lib advapi32.lib shell32.lib ole32.lib oleaut32.lib uuid.lib odbc32.lib odbccp32.lib /MANIFEST /ManifestFile:"Debug\01-CubeViewer.exe.intermediate.manifest" /MANIFESTUAC:"level='asInvoker' uiAccess='false'" /DEBUG /PDB:"C:\Users\Aelos\Documents\Visual Studio 2010\Projects\03_Exc_OpenGL_Framework\03_Exc_OpenGL_Framework\visualstudio\01-CubeViewer\Debug\01-CubeViewer.pdb" /SUBSYSTEM:CONSOLE /TLBID:1 /DYNAMICBASE /NXCOMPAT /IMPLIB:"C:\Users\Aelos\Documents\Visual Studio 2010\Projects\03_Exc_OpenGL_Framework\03_Exc_OpenGL_Framework\visualstudio\01-CubeViewer\Debug\01-CubeViewer.lib" /MACHINE:X86 "Debug\01-CubeViewer.exe.embed.manifest.res"
         Debug\CubeViewer.obj
         Debug\main.obj
         Debug\fbo.obj
         Debug\GlutViewer.obj
         Debug\Mesh3D.obj
         Debug\shader.obj
         Debug\texture.obj
         Debug\TrackballViewer.obj
       Manifest:
         C:\Program Files (x86)\Microsoft SDKs\Windows\v7.0A\bin\mt.exe /nologo /verbose /out:"Debug\01-CubeViewer.exe.embed.manifest" /manifest "Debug\01-CubeViewer.exe.intermediate.manifest"
         Toutes les sorties sont à jour.
       LinkEmbedManifest:
         Toutes les sorties sont à jour.
         01-CubeViewer.vcxproj -> C:\Users\Aelos\Documents\Visual Studio 2010\Projects\03_Exc_OpenGL_Framework\03_Exc_OpenGL_Framework\visualstudio\01-CubeViewer\Debug\01-CubeViewer.exe
       FinalizeBuildStatus:
         Suppression du fichier "Debug\01-CubeViewer.unsuccessfulbuild".
         Mise à jour de l'horodatage "Debug\01-CubeViewer.lastbuildstate".
     1>Génération du projet "C:\Users\Aelos\Documents\Visual Studio 2010\Projects\03_Exc_OpenGL_Framework\03_Exc_OpenGL_Framework\visualstudio\01-CubeViewer\01-CubeViewer.vcxproj" terminée (build cible(s)).

La génération a réussi.

Temps écoulé 00:00:01.62
